OpenHeInput/build/intermediates/manifest_merge_blame_file/debug/processDebugMainManifest/manifest-merger-blame-debug-report.txt
1<?xml version="1.0" encoding="utf-8"?>
2<manifest xmlns:android="http://schemas.android.com/apk/res/android"
3    package="net.HeZi.Android.OpenHeInput"
4    android:versionCode="1"
5    android:versionName="1.0" >
6
7    <uses-sdk
7-->INJECTED
8        android:minSdkVersion="17"
8-->INJECTED
9        android:targetSdkVersion="36" />
9-->INJECTED
10
11    <!-- To access Google+ APIs: -->
12    <uses-permission android:name="android.permission.INTERNET" />
12-->[:HeInputLibrary] AndroidManifest.xml:8:5-67
12-->[:HeInputLibrary] AndroidManifest.xml:8:22-64
13
14    <application
14-->src\main\AndroidManifest.xml:5:5-52:19
15        android:allowBackup="true"
15-->src\main\AndroidManifest.xml:6:9-35
16        android:debuggable="true"
17        android:extractNativeLibs="true"
17-->INJECTED
18        android:icon="@mipmap/app_icon"
18-->src\main\AndroidManifest.xml:7:9-40
19        android:label="@string/app_name"
19-->src\main\AndroidManifest.xml:8:9-41
20        android:supportsRtl="true"
20-->src\main\AndroidManifest.xml:9:9-35
21        android:theme="@style/AppTheme" >
21-->src\main\AndroidManifest.xml:10:9-40
22        <meta-data
22-->src\main\AndroidManifest.xml:12:9-14:33
23            android:name="hema_db_version"
23-->src\main\AndroidManifest.xml:13:13-43
24            android:value="4" />
24-->src\main\AndroidManifest.xml:14:13-30
25        <meta-data
25-->src\main\AndroidManifest.xml:15:9-17:46
26            android:name="hema_db_name"
26-->src\main\AndroidManifest.xml:16:13-40
27            android:value="hema_db.sqlite" />
27-->src\main\AndroidManifest.xml:17:13-43
28
29        <service
29-->src\main\AndroidManifest.xml:19:9-30:19
30            android:name="net.HeZi.Android.HeInputLibrary.HeInputService"
30-->src\main\AndroidManifest.xml:21:13-74
31            android:exported="true"
31-->src\main\AndroidManifest.xml:20:13-36
32            android:permission="android.permission.BIND_INPUT_METHOD" >
32-->src\main\AndroidManifest.xml:22:13-70
33            <intent-filter>
33-->src\main\AndroidManifest.xml:23:13-25:29
34                <action android:name="android.view.InputMethod" />
34-->src\main\AndroidManifest.xml:24:17-67
34-->src\main\AndroidManifest.xml:24:25-64
35            </intent-filter>
36
37            <meta-data
37-->src\main\AndroidManifest.xml:27:13-29:50
38                android:name="android.view.im"
38-->src\main\AndroidManifest.xml:28:17-47
39                android:resource="@xml/method" />
39-->src\main\AndroidManifest.xml:29:17-47
40        </service>
41
42        <activity
42-->src\main\AndroidManifest.xml:32:9-39:20
43            android:name="net.HeZi.Android.HeInputLibrary.ImePreferences"
43-->src\main\AndroidManifest.xml:34:13-74
44            android:exported="true"
44-->src\main\AndroidManifest.xml:33:13-36
45            android:label="@string/settings_name" >
45-->src\main\AndroidManifest.xml:35:13-50
46            <intent-filter>
46-->src\main\AndroidManifest.xml:36:13-38:29
47                <action android:name="android.intent.action.MAIN" />
47-->src\main\AndroidManifest.xml:37:17-69
47-->src\main\AndroidManifest.xml:37:25-66
48            </intent-filter>
49        </activity>
50        <activity
50-->src\main\AndroidManifest.xml:41:9-51:20
51            android:name="net.HeZi.Android.OpenHeInput.MainActivity"
51-->src\main\AndroidManifest.xml:43:13-41
52            android:exported="true"
52-->src\main\AndroidManifest.xml:42:13-36
53            android:label="@string/app_name"
53-->src\main\AndroidManifest.xml:44:13-45
54            android:theme="@style/AppTheme.NoActionBar" >
54-->src\main\AndroidManifest.xml:45:13-56
55            <intent-filter>
55-->src\main\AndroidManifest.xml:46:13-50:29
56                <action android:name="android.intent.action.MAIN" />
56-->src\main\AndroidManifest.xml:37:17-69
56-->src\main\AndroidManifest.xml:37:25-66
57
58                <category android:name="android.intent.category.LAUNCHER" />
58-->src\main\AndroidManifest.xml:49:17-77
58-->src\main\AndroidManifest.xml:49:27-74
59            </intent-filter>
60        </activity>
61    </application>
62
63</manifest>